
*** Running vivado
    with args -log vc709_reference_nic.rdi -applog -m64 -messageDb vivado.pb -mode batch -source vc709_reference_nic.tcl -notrace


****** Vivado v2013.2 (64-bit)
  **** Build 272601 by xbuild on Sat Jun 15 11:11:11 MDT 2013
    ** Copyright 1986-1999, 2001-2013 Xilinx, Inc. All Rights Reserved.

INFO: [Common 17-78] Attempting to get a license: Implementation
INFO: [Common 17-81] Feature available: Implementation
INFO: [Common 17-78] Attempting to get a license: Synthesis
INFO: [Common 17-81] Feature available: Synthesis
INFO: [Device 21-36] Loading parts and site information from /opt/Xilinx/Vivado/2013.2/data/parts/arch.xml
Parsing RTL primitives file [/opt/Xilinx/Vivado/2013.2/data/parts/xilinx/rtl/prims/rtl_prims.xml]
Finished parsing RTL primitives file [/opt/Xilinx/Vivado/2013.2/data/parts/xilinx/rtl/prims/rtl_prims.xml]
INFO: [Common 17-362] Using Tcl App repository from '/opt/Xilinx/Vivado/2013.2/data/XilinxTclStore'.
INFO: [Common 17-364] Updating Tcl app persistent manifest '/root/.Xilinx/Vivado/tclapp/manifest.tcl'
source vc709_reference_nic.tcl -notrace
Design is defaulting to srcset: sources_1
Design is defaulting to constrset: constrs_1
INFO: [Netlist 29-17] Analyzing 836 Unisim elements for replacement
INFO: [Netlist 29-28] Unisim Transformation completed in 0 CPU seconds
INFO: [Project 1-479] Netlist was created with Vivado 2013.2
Loading clock regions from /opt/Xilinx/Vivado/2013.2/data/parts/xilinx/virtex7/virtex7/xc7vx690t/ClockRegion.xml
Loading clock buffers from /opt/Xilinx/Vivado/2013.2/data/parts/xilinx/virtex7/virtex7/xc7vx690t/ClockBuffers.xml
Loading clock placement rules from /opt/Xilinx/Vivado/2013.2/data/parts/xilinx/virtex7/ClockPlacerRules.xml
Loading package pin functions from /opt/Xilinx/Vivado/2013.2/data/parts/xilinx/virtex7/PinFunctions.xml...
Loading package from /opt/Xilinx/Vivado/2013.2/data/parts/xilinx/virtex7/virtex7/xc7vx690t/ffg1761/Package.xml
Loading io standards from /opt/Xilinx/Vivado/2013.2/data/./parts/xilinx/virtex7/IOStandards.xml
Loading device configuration modes from /opt/Xilinx/Vivado/2013.2/data/parts/xilinx/virtex7/ConfigModes.xml
INFO: [Opt 31-138] Pushed 0 inverter(s).
INFO: [Common 17-78] Attempting to get a license: Internal_bitstream
WARNING: [Common 17-301] Failed to get a license: Internal_bitstream
Parsing XDC File [/root/NetFPGA-10G-VC709/projects/vc709_reference_nic/vc709_reference_nic.srcs/sources_1/ip/cmd_fifo_xgemac_rxif/cmd_fifo_xgemac_rxif/cmd_fifo_xgemac_rxif.xdc] for cell 'network_inst_3/rx_interface_i/cmd_fifo_inst/U0'
Finished Parsing XDC File [/root/NetFPGA-10G-VC709/projects/vc709_reference_nic/vc709_reference_nic.srcs/sources_1/ip/cmd_fifo_xgemac_rxif/cmd_fifo_xgemac_rxif/cmd_fifo_xgemac_rxif.xdc] for cell 'network_inst_3/rx_interface_i/cmd_fifo_inst/U0'
Parsing XDC File [/root/NetFPGA-10G-VC709/projects/vc709_reference_nic/vc709_reference_nic.srcs/sources_1/ip/cmd_fifo_xgemac_rxif/cmd_fifo_xgemac_rxif/cmd_fifo_xgemac_rxif.xdc] for cell 'network_inst_2/rx_interface_i/cmd_fifo_inst/U0'
Finished Parsing XDC File [/root/NetFPGA-10G-VC709/projects/vc709_reference_nic/vc709_reference_nic.srcs/sources_1/ip/cmd_fifo_xgemac_rxif/cmd_fifo_xgemac_rxif/cmd_fifo_xgemac_rxif.xdc] for cell 'network_inst_2/rx_interface_i/cmd_fifo_inst/U0'
Parsing XDC File [/root/NetFPGA-10G-VC709/projects/vc709_reference_nic/vc709_reference_nic.srcs/sources_1/ip/cmd_fifo_xgemac_rxif/cmd_fifo_xgemac_rxif/cmd_fifo_xgemac_rxif.xdc] for cell 'network_inst_1/rx_interface_i/cmd_fifo_inst/U0'
Finished Parsing XDC File [/root/NetFPGA-10G-VC709/projects/vc709_reference_nic/vc709_reference_nic.srcs/sources_1/ip/cmd_fifo_xgemac_rxif/cmd_fifo_xgemac_rxif/cmd_fifo_xgemac_rxif.xdc] for cell 'network_inst_1/rx_interface_i/cmd_fifo_inst/U0'
Parsing XDC File [/root/NetFPGA-10G-VC709/projects/vc709_reference_nic/vc709_reference_nic.srcs/sources_1/ip/cmd_fifo_xgemac_rxif/cmd_fifo_xgemac_rxif/cmd_fifo_xgemac_rxif.xdc] for cell 'network_inst_0/rx_interface_i/cmd_fifo_inst/U0'
Finished Parsing XDC File [/root/NetFPGA-10G-VC709/projects/vc709_reference_nic/vc709_reference_nic.srcs/sources_1/ip/cmd_fifo_xgemac_rxif/cmd_fifo_xgemac_rxif/cmd_fifo_xgemac_rxif.xdc] for cell 'network_inst_0/rx_interface_i/cmd_fifo_inst/U0'
Parsing XDC File [/root/NetFPGA-10G-VC709/projects/vc709_reference_nic/vc709_reference_nic.srcs/sources_1/ip/axis_async_fifo/axis_async_fifo/axis_async_fifo.xdc] for cell 'network_inst_3/tx_interface_i/axis_fifo_inst1/U0'
Finished Parsing XDC File [/root/NetFPGA-10G-VC709/projects/vc709_reference_nic/vc709_reference_nic.srcs/sources_1/ip/axis_async_fifo/axis_async_fifo/axis_async_fifo.xdc] for cell 'network_inst_3/tx_interface_i/axis_fifo_inst1/U0'
Parsing XDC File [/root/NetFPGA-10G-VC709/projects/vc709_reference_nic/vc709_reference_nic.srcs/sources_1/ip/axis_async_fifo/axis_async_fifo/axis_async_fifo.xdc] for cell 'network_inst_3/rx_interface_i/axis_fifo_inst1/U0'
Finished Parsing XDC File [/root/NetFPGA-10G-VC709/projects/vc709_reference_nic/vc709_reference_nic.srcs/sources_1/ip/axis_async_fifo/axis_async_fifo/axis_async_fifo.xdc] for cell 'network_inst_3/rx_interface_i/axis_fifo_inst1/U0'
Parsing XDC File [/root/NetFPGA-10G-VC709/projects/vc709_reference_nic/vc709_reference_nic.srcs/sources_1/ip/axis_async_fifo/axis_async_fifo/axis_async_fifo.xdc] for cell 'network_inst_2/tx_interface_i/axis_fifo_inst1/U0'
Finished Parsing XDC File [/root/NetFPGA-10G-VC709/projects/vc709_reference_nic/vc709_reference_nic.srcs/sources_1/ip/axis_async_fifo/axis_async_fifo/axis_async_fifo.xdc] for cell 'network_inst_2/tx_interface_i/axis_fifo_inst1/U0'
Parsing XDC File [/root/NetFPGA-10G-VC709/projects/vc709_reference_nic/vc709_reference_nic.srcs/sources_1/ip/axis_async_fifo/axis_async_fifo/axis_async_fifo.xdc] for cell 'network_inst_2/rx_interface_i/axis_fifo_inst1/U0'
Finished Parsing XDC File [/root/NetFPGA-10G-VC709/projects/vc709_reference_nic/vc709_reference_nic.srcs/sources_1/ip/axis_async_fifo/axis_async_fifo/axis_async_fifo.xdc] for cell 'network_inst_2/rx_interface_i/axis_fifo_inst1/U0'
Parsing XDC File [/root/NetFPGA-10G-VC709/projects/vc709_reference_nic/vc709_reference_nic.srcs/sources_1/ip/axis_async_fifo/axis_async_fifo/axis_async_fifo.xdc] for cell 'network_inst_1/tx_interface_i/axis_fifo_inst1/U0'
Finished Parsing XDC File [/root/NetFPGA-10G-VC709/projects/vc709_reference_nic/vc709_reference_nic.srcs/sources_1/ip/axis_async_fifo/axis_async_fifo/axis_async_fifo.xdc] for cell 'network_inst_1/tx_interface_i/axis_fifo_inst1/U0'
Parsing XDC File [/root/NetFPGA-10G-VC709/projects/vc709_reference_nic/vc709_reference_nic.srcs/sources_1/ip/axis_async_fifo/axis_async_fifo/axis_async_fifo.xdc] for cell 'network_inst_1/rx_interface_i/axis_fifo_inst1/U0'
Finished Parsing XDC File [/root/NetFPGA-10G-VC709/projects/vc709_reference_nic/vc709_reference_nic.srcs/sources_1/ip/axis_async_fifo/axis_async_fifo/axis_async_fifo.xdc] for cell 'network_inst_1/rx_interface_i/axis_fifo_inst1/U0'
Parsing XDC File [/root/NetFPGA-10G-VC709/projects/vc709_reference_nic/vc709_reference_nic.srcs/sources_1/ip/axis_async_fifo/axis_async_fifo/axis_async_fifo.xdc] for cell 'network_inst_0/tx_interface_i/axis_fifo_inst1/U0'
Finished Parsing XDC File [/root/NetFPGA-10G-VC709/projects/vc709_reference_nic/vc709_reference_nic.srcs/sources_1/ip/axis_async_fifo/axis_async_fifo/axis_async_fifo.xdc] for cell 'network_inst_0/tx_interface_i/axis_fifo_inst1/U0'
Parsing XDC File [/root/NetFPGA-10G-VC709/projects/vc709_reference_nic/vc709_reference_nic.srcs/sources_1/ip/axis_async_fifo/axis_async_fifo/axis_async_fifo.xdc] for cell 'network_inst_0/rx_interface_i/axis_fifo_inst1/U0'
Finished Parsing XDC File [/root/NetFPGA-10G-VC709/projects/vc709_reference_nic/vc709_reference_nic.srcs/sources_1/ip/axis_async_fifo/axis_async_fifo/axis_async_fifo.xdc] for cell 'network_inst_0/rx_interface_i/axis_fifo_inst1/U0'
Parsing XDC File [/root/NetFPGA-10G-VC709/projects/vc709_reference_nic/vc709_reference_nic.srcs/sources_1/ip/ten_gig_eth_pcs_pma_ip/synth/ten_gig_eth_pcs_pma_ip.xdc] for cell 'network_inst_3/ten_gig_eth_pcs_pma_inst/inst'
INFO: [Timing 38-35] Done setting XDC timing constraints. [/root/NetFPGA-10G-VC709/projects/vc709_reference_nic/vc709_reference_nic.srcs/sources_1/ip/ten_gig_eth_pcs_pma_ip/synth/ten_gig_eth_pcs_pma_ip.xdc:48]
get_clocks: Time (s): cpu = 00:00:08 ; elapsed = 00:00:07 . Memory (MB): peak = 1316.930 ; gain = 108.082
Finished Parsing XDC File [/root/NetFPGA-10G-VC709/projects/vc709_reference_nic/vc709_reference_nic.srcs/sources_1/ip/ten_gig_eth_pcs_pma_ip/synth/ten_gig_eth_pcs_pma_ip.xdc] for cell 'network_inst_3/ten_gig_eth_pcs_pma_inst/inst'
Parsing XDC File [/root/NetFPGA-10G-VC709/projects/vc709_reference_nic/vc709_reference_nic.srcs/sources_1/ip/ten_gig_eth_pcs_pma_ip/synth/ten_gig_eth_pcs_pma_ip.xdc] for cell 'network_inst_2/ten_gig_eth_pcs_pma_inst/inst'
Finished Parsing XDC File [/root/NetFPGA-10G-VC709/projects/vc709_reference_nic/vc709_reference_nic.srcs/sources_1/ip/ten_gig_eth_pcs_pma_ip/synth/ten_gig_eth_pcs_pma_ip.xdc] for cell 'network_inst_2/ten_gig_eth_pcs_pma_inst/inst'
Parsing XDC File [/root/NetFPGA-10G-VC709/projects/vc709_reference_nic/vc709_reference_nic.srcs/sources_1/ip/ten_gig_eth_pcs_pma_ip/synth/ten_gig_eth_pcs_pma_ip.xdc] for cell 'network_inst_1/ten_gig_eth_pcs_pma_inst/inst'
Finished Parsing XDC File [/root/NetFPGA-10G-VC709/projects/vc709_reference_nic/vc709_reference_nic.srcs/sources_1/ip/ten_gig_eth_pcs_pma_ip/synth/ten_gig_eth_pcs_pma_ip.xdc] for cell 'network_inst_1/ten_gig_eth_pcs_pma_inst/inst'
Parsing XDC File [/root/NetFPGA-10G-VC709/projects/vc709_reference_nic/vc709_reference_nic.srcs/sources_1/ip/ten_gig_eth_pcs_pma_ip/synth/ten_gig_eth_pcs_pma_ip.xdc] for cell 'network_inst_0/ten_gig_eth_pcs_pma_inst/inst'
Finished Parsing XDC File [/root/NetFPGA-10G-VC709/projects/vc709_reference_nic/vc709_reference_nic.srcs/sources_1/ip/ten_gig_eth_pcs_pma_ip/synth/ten_gig_eth_pcs_pma_ip.xdc] for cell 'network_inst_0/ten_gig_eth_pcs_pma_inst/inst'
Parsing XDC File [/root/NetFPGA-10G-VC709/projects/vc709_reference_nic/vc709_reference_nic.srcs/sources_1/ip/ten_gig_eth_mac_ip/synth/ten_gig_eth_mac_ip.xdc] for cell 'network_inst_3/ten_gig_eth_mac_inst/inst'
Finished Parsing XDC File [/root/NetFPGA-10G-VC709/projects/vc709_reference_nic/vc709_reference_nic.srcs/sources_1/ip/ten_gig_eth_mac_ip/synth/ten_gig_eth_mac_ip.xdc] for cell 'network_inst_3/ten_gig_eth_mac_inst/inst'
Parsing XDC File [/root/NetFPGA-10G-VC709/projects/vc709_reference_nic/vc709_reference_nic.srcs/sources_1/ip/ten_gig_eth_mac_ip/synth/ten_gig_eth_mac_ip.xdc] for cell 'network_inst_2/ten_gig_eth_mac_inst/inst'
Finished Parsing XDC File [/root/NetFPGA-10G-VC709/projects/vc709_reference_nic/vc709_reference_nic.srcs/sources_1/ip/ten_gig_eth_mac_ip/synth/ten_gig_eth_mac_ip.xdc] for cell 'network_inst_2/ten_gig_eth_mac_inst/inst'
Parsing XDC File [/root/NetFPGA-10G-VC709/projects/vc709_reference_nic/vc709_reference_nic.srcs/sources_1/ip/ten_gig_eth_mac_ip/synth/ten_gig_eth_mac_ip.xdc] for cell 'network_inst_1/ten_gig_eth_mac_inst/inst'
Finished Parsing XDC File [/root/NetFPGA-10G-VC709/projects/vc709_reference_nic/vc709_reference_nic.srcs/sources_1/ip/ten_gig_eth_mac_ip/synth/ten_gig_eth_mac_ip.xdc] for cell 'network_inst_1/ten_gig_eth_mac_inst/inst'
Parsing XDC File [/root/NetFPGA-10G-VC709/projects/vc709_reference_nic/vc709_reference_nic.srcs/sources_1/ip/ten_gig_eth_mac_ip/synth/ten_gig_eth_mac_ip.xdc] for cell 'network_inst_0/ten_gig_eth_mac_inst/inst'
Finished Parsing XDC File [/root/NetFPGA-10G-VC709/projects/vc709_reference_nic/vc709_reference_nic.srcs/sources_1/ip/ten_gig_eth_mac_ip/synth/ten_gig_eth_mac_ip.xdc] for cell 'network_inst_0/ten_gig_eth_mac_inst/inst'
Parsing XDC File [/root/NetFPGA-10G-VC709/projects/vc709_reference_nic/vc709_reference_nic.srcs/sources_1/ip/vc709_pcie_x8_gen3/vc709_pcie_x8_gen3/source/vc709_pcie_x8_gen3-PCIE_X0Y1.xdc] for cell 'vc709_pcie_x8_gen3_i/inst'
INFO: [Vivado 12-1399] There are no top level ports directly connected to pins of cell 'vc709_pcie_x8_gen3_i/inst', returning the pins matched for query '[get_ports pipe_txoutclk_out]' of cell 'vc709_pcie_x8_gen3_i/inst'. [/root/NetFPGA-10G-VC709/projects/vc709_reference_nic/vc709_reference_nic.srcs/sources_1/ip/vc709_pcie_x8_gen3/vc709_pcie_x8_gen3/source/vc709_pcie_x8_gen3-PCIE_X0Y1.xdc:121]
Resolution: The get_ports call is being converted to a get_pins call as there is no direct connection to a top level port. This could be due to the insertion of IO Buffers between the top level terminal and cell pin. If the goal is to apply constraints that will migrate to top level ports it is required that IO Buffers manually be instanced.
INFO: [Vivado 12-1399] There are no top level ports directly connected to pins of cell 'vc709_pcie_x8_gen3_i/inst', returning the pins matched for query '[get_ports {pipe_rxoutclk_out[0]}]' of cell 'vc709_pcie_x8_gen3_i/inst'. [/root/NetFPGA-10G-VC709/projects/vc709_reference_nic/vc709_reference_nic.srcs/sources_1/ip/vc709_pcie_x8_gen3/vc709_pcie_x8_gen3/source/vc709_pcie_x8_gen3-PCIE_X0Y1.xdc:122]
Resolution: The get_ports call is being converted to a get_pins call as there is no direct connection to a top level port. This could be due to the insertion of IO Buffers between the top level terminal and cell pin. If the goal is to apply constraints that will migrate to top level ports it is required that IO Buffers manually be instanced.
INFO: [Vivado 12-1399] There are no top level ports directly connected to pins of cell 'vc709_pcie_x8_gen3_i/inst', returning the pins matched for query '[get_ports user_clk]' of cell 'vc709_pcie_x8_gen3_i/inst'. [/root/NetFPGA-10G-VC709/projects/vc709_reference_nic/vc709_reference_nic.srcs/sources_1/ip/vc709_pcie_x8_gen3/vc709_pcie_x8_gen3/source/vc709_pcie_x8_gen3-PCIE_X0Y1.xdc:123]
Resolution: The get_ports call is being converted to a get_pins call as there is no direct connection to a top level port. This could be due to the insertion of IO Buffers between the top level terminal and cell pin. If the goal is to apply constraints that will migrate to top level ports it is required that IO Buffers manually be instanced.
Finished Parsing XDC File [/root/NetFPGA-10G-VC709/projects/vc709_reference_nic/vc709_reference_nic.srcs/sources_1/ip/vc709_pcie_x8_gen3/vc709_pcie_x8_gen3/source/vc709_pcie_x8_gen3-PCIE_X0Y1.xdc] for cell 'vc709_pcie_x8_gen3_i/inst'
Parsing XDC File [/root/NetFPGA-10G-VC709/projects/vc709_reference_nic/vc709_reference_nic.srcs/sources_1/ip/axi_dma_0/axi_dma_0.xdc] for cell 'axi_dma_0/U0'
Finished Parsing XDC File [/root/NetFPGA-10G-VC709/projects/vc709_reference_nic/vc709_reference_nic.srcs/sources_1/ip/axi_dma_0/axi_dma_0.xdc] for cell 'axi_dma_0/U0'
Parsing XDC File [/root/NetFPGA-10G-VC709/projects/vc709_reference_nic/vc709_reference_nic.srcs/constrs_1/imports/Downloads/vc709_10g_interface/vc709_10g_interface.srcs/constrs_1/new/vc709_10g_interface.xdc]
INFO: [Vivado 12-2286] Implicit search of objects for pattern 'clk_divide_reg[1]_i_1/O' matched to 'pin' objects. [/root/NetFPGA-10G-VC709/projects/vc709_reference_nic/vc709_reference_nic.srcs/constrs_1/imports/Downloads/vc709_10g_interface/vc709_10g_interface.srcs/constrs_1/new/vc709_10g_interface.xdc:22]
Resolution: To avoid ambiguous patterns, provide proper objects using get commands e.g. [get_nets xyz].
INFO: [Timing 38-2] Deriving generated clocks [/root/NetFPGA-10G-VC709/projects/vc709_reference_nic/vc709_reference_nic.srcs/constrs_1/imports/Downloads/vc709_10g_interface/vc709_10g_interface.srcs/constrs_1/new/vc709_10g_interface.xdc:174]
WARNING: [Vivado 12-584] No ports matched 'emcclk'. [/root/NetFPGA-10G-VC709/projects/vc709_reference_nic/vc709_reference_nic.srcs/constrs_1/imports/Downloads/vc709_10g_interface/vc709_10g_interface.srcs/constrs_1/new/vc709_10g_interface.xdc:193]
CRITICAL WARNING: [Common 17-55] 'set_property' expects at least one object. [/root/NetFPGA-10G-VC709/projects/vc709_reference_nic/vc709_reference_nic.srcs/constrs_1/imports/Downloads/vc709_10g_interface/vc709_10g_interface.srcs/constrs_1/new/vc709_10g_interface.xdc:193]
WARNING: [Vivado 12-584] No ports matched 'emcclk'. [/root/NetFPGA-10G-VC709/projects/vc709_reference_nic/vc709_reference_nic.srcs/constrs_1/imports/Downloads/vc709_10g_interface/vc709_10g_interface.srcs/constrs_1/new/vc709_10g_interface.xdc:194]
CRITICAL WARNING: [Common 17-55] 'set_property' expects at least one object. [/root/NetFPGA-10G-VC709/projects/vc709_reference_nic/vc709_reference_nic.srcs/constrs_1/imports/Downloads/vc709_10g_interface/vc709_10g_interface.srcs/constrs_1/new/vc709_10g_interface.xdc:194]
Finished Parsing XDC File [/root/NetFPGA-10G-VC709/projects/vc709_reference_nic/vc709_reference_nic.srcs/constrs_1/imports/Downloads/vc709_10g_interface/vc709_10g_interface.srcs/constrs_1/new/vc709_10g_interface.xdc]
Parsing XDC File [/root/NetFPGA-10G-VC709/projects/vc709_reference_nic/vc709_reference_nic.srcs/sources_1/ip/axis_async_fifo/axis_async_fifo/axis_async_fifo_clocks.xdc] for cell 'network_inst_3/tx_interface_i/axis_fifo_inst1/U0'
INFO: [Vivado 12-1399] There are no top level ports directly connected to pins of cell 'network_inst_3/tx_interface_i/axis_fifo_inst1/U0', returning the pins matched for query '[get_ports s_aclk]' of cell 'network_inst_3/tx_interface_i/axis_fifo_inst1/U0'. [/root/NetFPGA-10G-VC709/projects/vc709_reference_nic/vc709_reference_nic.srcs/sources_1/ip/axis_async_fifo/axis_async_fifo/axis_async_fifo_clocks.xdc:52]
Resolution: The get_ports call is being converted to a get_pins call as there is no direct connection to a top level port. This could be due to the insertion of IO Buffers between the top level terminal and cell pin. If the goal is to apply constraints that will migrate to top level ports it is required that IO Buffers manually be instanced.
INFO: [Vivado 12-1399] There are no top level ports directly connected to pins of cell 'network_inst_3/tx_interface_i/axis_fifo_inst1/U0', returning the pins matched for query '[get_ports m_aclk]' of cell 'network_inst_3/tx_interface_i/axis_fifo_inst1/U0'. [/root/NetFPGA-10G-VC709/projects/vc709_reference_nic/vc709_reference_nic.srcs/sources_1/ip/axis_async_fifo/axis_async_fifo/axis_async_fifo_clocks.xdc:53]
Resolution: The get_ports call is being converted to a get_pins call as there is no direct connection to a top level port. This could be due to the insertion of IO Buffers between the top level terminal and cell pin. If the goal is to apply constraints that will migrate to top level ports it is required that IO Buffers manually be instanced.
Finished Parsing XDC File [/root/NetFPGA-10G-VC709/projects/vc709_reference_nic/vc709_reference_nic.srcs/sources_1/ip/axis_async_fifo/axis_async_fifo/axis_async_fifo_clocks.xdc] for cell 'network_inst_3/tx_interface_i/axis_fifo_inst1/U0'
Parsing XDC File [/root/NetFPGA-10G-VC709/projects/vc709_reference_nic/vc709_reference_nic.srcs/sources_1/ip/axis_async_fifo/axis_async_fifo/axis_async_fifo_clocks.xdc] for cell 'network_inst_3/rx_interface_i/axis_fifo_inst1/U0'
INFO: [Vivado 12-1399] There are no top level ports directly connected to pins of cell 'network_inst_3/rx_interface_i/axis_fifo_inst1/U0', returning the pins matched for query '[get_ports s_aclk]' of cell 'network_inst_3/rx_interface_i/axis_fifo_inst1/U0'. [/root/NetFPGA-10G-VC709/projects/vc709_reference_nic/vc709_reference_nic.srcs/sources_1/ip/axis_async_fifo/axis_async_fifo/axis_async_fifo_clocks.xdc:52]
Resolution: The get_ports call is being converted to a get_pins call as there is no direct connection to a top level port. This could be due to the insertion of IO Buffers between the top level terminal and cell pin. If the goal is to apply constraints that will migrate to top level ports it is required that IO Buffers manually be instanced.
INFO: [Vivado 12-1399] There are no top level ports directly connected to pins of cell 'network_inst_3/rx_interface_i/axis_fifo_inst1/U0', returning the pins matched for query '[get_ports m_aclk]' of cell 'network_inst_3/rx_interface_i/axis_fifo_inst1/U0'. [/root/NetFPGA-10G-VC709/projects/vc709_reference_nic/vc709_reference_nic.srcs/sources_1/ip/axis_async_fifo/axis_async_fifo/axis_async_fifo_clocks.xdc:53]
Resolution: The get_ports call is being converted to a get_pins call as there is no direct connection to a top level port. This could be due to the insertion of IO Buffers between the top level terminal and cell pin. If the goal is to apply constraints that will migrate to top level ports it is required that IO Buffers manually be instanced.
Finished Parsing XDC File [/root/NetFPGA-10G-VC709/projects/vc709_reference_nic/vc709_reference_nic.srcs/sources_1/ip/axis_async_fifo/axis_async_fifo/axis_async_fifo_clocks.xdc] for cell 'network_inst_3/rx_interface_i/axis_fifo_inst1/U0'
Parsing XDC File [/root/NetFPGA-10G-VC709/projects/vc709_reference_nic/vc709_reference_nic.srcs/sources_1/ip/axis_async_fifo/axis_async_fifo/axis_async_fifo_clocks.xdc] for cell 'network_inst_2/tx_interface_i/axis_fifo_inst1/U0'
INFO: [Vivado 12-1399] There are no top level ports directly connected to pins of cell 'network_inst_2/tx_interface_i/axis_fifo_inst1/U0', returning the pins matched for query '[get_ports s_aclk]' of cell 'network_inst_2/tx_interface_i/axis_fifo_inst1/U0'. [/root/NetFPGA-10G-VC709/projects/vc709_reference_nic/vc709_reference_nic.srcs/sources_1/ip/axis_async_fifo/axis_async_fifo/axis_async_fifo_clocks.xdc:52]
Resolution: The get_ports call is being converted to a get_pins call as there is no direct connection to a top level port. This could be due to the insertion of IO Buffers between the top level terminal and cell pin. If the goal is to apply constraints that will migrate to top level ports it is required that IO Buffers manually be instanced.
INFO: [Vivado 12-1399] There are no top level ports directly connected to pins of cell 'network_inst_2/tx_interface_i/axis_fifo_inst1/U0', returning the pins matched for query '[get_ports m_aclk]' of cell 'network_inst_2/tx_interface_i/axis_fifo_inst1/U0'. [/root/NetFPGA-10G-VC709/projects/vc709_reference_nic/vc709_reference_nic.srcs/sources_1/ip/axis_async_fifo/axis_async_fifo/axis_async_fifo_clocks.xdc:53]
Resolution: The get_ports call is being converted to a get_pins call as there is no direct connection to a top level port. This could be due to the insertion of IO Buffers between the top level terminal and cell pin. If the goal is to apply constraints that will migrate to top level ports it is required that IO Buffers manually be instanced.
Finished Parsing XDC File [/root/NetFPGA-10G-VC709/projects/vc709_reference_nic/vc709_reference_nic.srcs/sources_1/ip/axis_async_fifo/axis_async_fifo/axis_async_fifo_clocks.xdc] for cell 'network_inst_2/tx_interface_i/axis_fifo_inst1/U0'
Parsing XDC File [/root/NetFPGA-10G-VC709/projects/vc709_reference_nic/vc709_reference_nic.srcs/sources_1/ip/axis_async_fifo/axis_async_fifo/axis_async_fifo_clocks.xdc] for cell 'network_inst_2/rx_interface_i/axis_fifo_inst1/U0'
INFO: [Vivado 12-1399] There are no top level ports directly connected to pins of cell 'network_inst_2/rx_interface_i/axis_fifo_inst1/U0', returning the pins matched for query '[get_ports s_aclk]' of cell 'network_inst_2/rx_interface_i/axis_fifo_inst1/U0'. [/root/NetFPGA-10G-VC709/projects/vc709_reference_nic/vc709_reference_nic.srcs/sources_1/ip/axis_async_fifo/axis_async_fifo/axis_async_fifo_clocks.xdc:52]
Resolution: The get_ports call is being converted to a get_pins call as there is no direct connection to a top level port. This could be due to the insertion of IO Buffers between the top level terminal and cell pin. If the goal is to apply constraints that will migrate to top level ports it is required that IO Buffers manually be instanced.
INFO: [Vivado 12-1399] There are no top level ports directly connected to pins of cell 'network_inst_2/rx_interface_i/axis_fifo_inst1/U0', returning the pins matched for query '[get_ports m_aclk]' of cell 'network_inst_2/rx_interface_i/axis_fifo_inst1/U0'. [/root/NetFPGA-10G-VC709/projects/vc709_reference_nic/vc709_reference_nic.srcs/sources_1/ip/axis_async_fifo/axis_async_fifo/axis_async_fifo_clocks.xdc:53]
Resolution: The get_ports call is being converted to a get_pins call as there is no direct connection to a top level port. This could be due to the insertion of IO Buffers between the top level terminal and cell pin. If the goal is to apply constraints that will migrate to top level ports it is required that IO Buffers manually be instanced.
Finished Parsing XDC File [/root/NetFPGA-10G-VC709/projects/vc709_reference_nic/vc709_reference_nic.srcs/sources_1/ip/axis_async_fifo/axis_async_fifo/axis_async_fifo_clocks.xdc] for cell 'network_inst_2/rx_interface_i/axis_fifo_inst1/U0'
Parsing XDC File [/root/NetFPGA-10G-VC709/projects/vc709_reference_nic/vc709_reference_nic.srcs/sources_1/ip/axis_async_fifo/axis_async_fifo/axis_async_fifo_clocks.xdc] for cell 'network_inst_1/tx_interface_i/axis_fifo_inst1/U0'
INFO: [Vivado 12-1399] There are no top level ports directly connected to pins of cell 'network_inst_1/tx_interface_i/axis_fifo_inst1/U0', returning the pins matched for query '[get_ports s_aclk]' of cell 'network_inst_1/tx_interface_i/axis_fifo_inst1/U0'. [/root/NetFPGA-10G-VC709/projects/vc709_reference_nic/vc709_reference_nic.srcs/sources_1/ip/axis_async_fifo/axis_async_fifo/axis_async_fifo_clocks.xdc:52]
Resolution: The get_ports call is being converted to a get_pins call as there is no direct connection to a top level port. This could be due to the insertion of IO Buffers between the top level terminal and cell pin. If the goal is to apply constraints that will migrate to top level ports it is required that IO Buffers manually be instanced.
INFO: [Vivado 12-1399] There are no top level ports directly connected to pins of cell 'network_inst_1/tx_interface_i/axis_fifo_inst1/U0', returning the pins matched for query '[get_ports m_aclk]' of cell 'network_inst_1/tx_interface_i/axis_fifo_inst1/U0'. [/root/NetFPGA-10G-VC709/projects/vc709_reference_nic/vc709_reference_nic.srcs/sources_1/ip/axis_async_fifo/axis_async_fifo/axis_async_fifo_clocks.xdc:53]
Resolution: The get_ports call is being converted to a get_pins call as there is no direct connection to a top level port. This could be due to the insertion of IO Buffers between the top level terminal and cell pin. If the goal is to apply constraints that will migrate to top level ports it is required that IO Buffers manually be instanced.
Finished Parsing XDC File [/root/NetFPGA-10G-VC709/projects/vc709_reference_nic/vc709_reference_nic.srcs/sources_1/ip/axis_async_fifo/axis_async_fifo/axis_async_fifo_clocks.xdc] for cell 'network_inst_1/tx_interface_i/axis_fifo_inst1/U0'
Parsing XDC File [/root/NetFPGA-10G-VC709/projects/vc709_reference_nic/vc709_reference_nic.srcs/sources_1/ip/axis_async_fifo/axis_async_fifo/axis_async_fifo_clocks.xdc] for cell 'network_inst_1/rx_interface_i/axis_fifo_inst1/U0'
INFO: [Vivado 12-1399] There are no top level ports directly connected to pins of cell 'network_inst_1/rx_interface_i/axis_fifo_inst1/U0', returning the pins matched for query '[get_ports s_aclk]' of cell 'network_inst_1/rx_interface_i/axis_fifo_inst1/U0'. [/root/NetFPGA-10G-VC709/projects/vc709_reference_nic/vc709_reference_nic.srcs/sources_1/ip/axis_async_fifo/axis_async_fifo/axis_async_fifo_clocks.xdc:52]
Resolution: The get_ports call is being converted to a get_pins call as there is no direct connection to a top level port. This could be due to the insertion of IO Buffers between the top level terminal and cell pin. If the goal is to apply constraints that will migrate to top level ports it is required that IO Buffers manually be instanced.
INFO: [Vivado 12-1399] There are no top level ports directly connected to pins of cell 'network_inst_1/rx_interface_i/axis_fifo_inst1/U0', returning the pins matched for query '[get_ports m_aclk]' of cell 'network_inst_1/rx_interface_i/axis_fifo_inst1/U0'. [/root/NetFPGA-10G-VC709/projects/vc709_reference_nic/vc709_reference_nic.srcs/sources_1/ip/axis_async_fifo/axis_async_fifo/axis_async_fifo_clocks.xdc:53]
Resolution: The get_ports call is being converted to a get_pins call as there is no direct connection to a top level port. This could be due to the insertion of IO Buffers between the top level terminal and cell pin. If the goal is to apply constraints that will migrate to top level ports it is required that IO Buffers manually be instanced.
Finished Parsing XDC File [/root/NetFPGA-10G-VC709/projects/vc709_reference_nic/vc709_reference_nic.srcs/sources_1/ip/axis_async_fifo/axis_async_fifo/axis_async_fifo_clocks.xdc] for cell 'network_inst_1/rx_interface_i/axis_fifo_inst1/U0'
Parsing XDC File [/root/NetFPGA-10G-VC709/projects/vc709_reference_nic/vc709_reference_nic.srcs/sources_1/ip/axis_async_fifo/axis_async_fifo/axis_async_fifo_clocks.xdc] for cell 'network_inst_0/tx_interface_i/axis_fifo_inst1/U0'
INFO: [Vivado 12-1399] There are no top level ports directly connected to pins of cell 'network_inst_0/tx_interface_i/axis_fifo_inst1/U0', returning the pins matched for query '[get_ports s_aclk]' of cell 'network_inst_0/tx_interface_i/axis_fifo_inst1/U0'. [/root/NetFPGA-10G-VC709/projects/vc709_reference_nic/vc709_reference_nic.srcs/sources_1/ip/axis_async_fifo/axis_async_fifo/axis_async_fifo_clocks.xdc:52]
Resolution: The get_ports call is being converted to a get_pins call as there is no direct connection to a top level port. This could be due to the insertion of IO Buffers between the top level terminal and cell pin. If the goal is to apply constraints that will migrate to top level ports it is required that IO Buffers manually be instanced.
INFO: [Vivado 12-1399] There are no top level ports directly connected to pins of cell 'network_inst_0/tx_interface_i/axis_fifo_inst1/U0', returning the pins matched for query '[get_ports m_aclk]' of cell 'network_inst_0/tx_interface_i/axis_fifo_inst1/U0'. [/root/NetFPGA-10G-VC709/projects/vc709_reference_nic/vc709_reference_nic.srcs/sources_1/ip/axis_async_fifo/axis_async_fifo/axis_async_fifo_clocks.xdc:53]
Resolution: The get_ports call is being converted to a get_pins call as there is no direct connection to a top level port. This could be due to the insertion of IO Buffers between the top level terminal and cell pin. If the goal is to apply constraints that will migrate to top level ports it is required that IO Buffers manually be instanced.
Finished Parsing XDC File [/root/NetFPGA-10G-VC709/projects/vc709_reference_nic/vc709_reference_nic.srcs/sources_1/ip/axis_async_fifo/axis_async_fifo/axis_async_fifo_clocks.xdc] for cell 'network_inst_0/tx_interface_i/axis_fifo_inst1/U0'
Parsing XDC File [/root/NetFPGA-10G-VC709/projects/vc709_reference_nic/vc709_reference_nic.srcs/sources_1/ip/axis_async_fifo/axis_async_fifo/axis_async_fifo_clocks.xdc] for cell 'network_inst_0/rx_interface_i/axis_fifo_inst1/U0'
INFO: [Vivado 12-1399] There are no top level ports directly connected to pins of cell 'network_inst_0/rx_interface_i/axis_fifo_inst1/U0', returning the pins matched for query '[get_ports s_aclk]' of cell 'network_inst_0/rx_interface_i/axis_fifo_inst1/U0'. [/root/NetFPGA-10G-VC709/projects/vc709_reference_nic/vc709_reference_nic.srcs/sources_1/ip/axis_async_fifo/axis_async_fifo/axis_async_fifo_clocks.xdc:52]
Resolution: The get_ports call is being converted to a get_pins call as there is no direct connection to a top level port. This could be due to the insertion of IO Buffers between the top level terminal and cell pin. If the goal is to apply constraints that will migrate to top level ports it is required that IO Buffers manually be instanced.
INFO: [Vivado 12-1399] There are no top level ports directly connected to pins of cell 'network_inst_0/rx_interface_i/axis_fifo_inst1/U0', returning the pins matched for query '[get_ports m_aclk]' of cell 'network_inst_0/rx_interface_i/axis_fifo_inst1/U0'. [/root/NetFPGA-10G-VC709/projects/vc709_reference_nic/vc709_reference_nic.srcs/sources_1/ip/axis_async_fifo/axis_async_fifo/axis_async_fifo_clocks.xdc:53]
Resolution: The get_ports call is being converted to a get_pins call as there is no direct connection to a top level port. This could be due to the insertion of IO Buffers between the top level terminal and cell pin. If the goal is to apply constraints that will migrate to top level ports it is required that IO Buffers manually be instanced.
Finished Parsing XDC File [/root/NetFPGA-10G-VC709/projects/vc709_reference_nic/vc709_reference_nic.srcs/sources_1/ip/axis_async_fifo/axis_async_fifo/axis_async_fifo_clocks.xdc] for cell 'network_inst_0/rx_interface_i/axis_fifo_inst1/U0'
Parsing XDC File [/root/NetFPGA-10G-VC709/projects/vc709_reference_nic/vc709_reference_nic.srcs/sources_1/ip/ten_gig_eth_pcs_pma_ip/synth/ten_gig_eth_pcs_pma_ip_clocks.xdc] for cell 'network_inst_3/ten_gig_eth_pcs_pma_inst/inst'
INFO: [Vivado 12-1399] There are no top level ports directly connected to pins of cell 'network_inst_3/ten_gig_eth_pcs_pma_inst/inst', returning the pins matched for query '[get_ports clk156]' of cell 'network_inst_3/ten_gig_eth_pcs_pma_inst/inst'. [/root/NetFPGA-10G-VC709/projects/vc709_reference_nic/vc709_reference_nic.srcs/sources_1/ip/ten_gig_eth_pcs_pma_ip/synth/ten_gig_eth_pcs_pma_ip_clocks.xdc:47]
Resolution: The get_ports call is being converted to a get_pins call as there is no direct connection to a top level port. This could be due to the insertion of IO Buffers between the top level terminal and cell pin. If the goal is to apply constraints that will migrate to top level ports it is required that IO Buffers manually be instanced.
INFO: [Vivado 12-1399] There are no top level ports directly connected to pins of cell 'network_inst_3/ten_gig_eth_pcs_pma_inst/inst', returning the pins matched for query '[get_ports dclk]' of cell 'network_inst_3/ten_gig_eth_pcs_pma_inst/inst'. [/root/NetFPGA-10G-VC709/projects/vc709_reference_nic/vc709_reference_nic.srcs/sources_1/ip/ten_gig_eth_pcs_pma_ip/synth/ten_gig_eth_pcs_pma_ip_clocks.xdc:48]
Resolution: The get_ports call is being converted to a get_pins call as there is no direct connection to a top level port. This could be due to the insertion of IO Buffers between the top level terminal and cell pin. If the goal is to apply constraints that will migrate to top level ports it is required that IO Buffers manually be instanced.
INFO: [Vivado 12-1399] There are no top level ports directly connected to pins of cell 'network_inst_3/ten_gig_eth_pcs_pma_inst/inst', returning the pins matched for query '[get_ports {configuration_vector[110]}]' of cell 'network_inst_3/ten_gig_eth_pcs_pma_inst/inst'. [/root/NetFPGA-10G-VC709/projects/vc709_reference_nic/vc709_reference_nic.srcs/sources_1/ip/ten_gig_eth_pcs_pma_ip/synth/ten_gig_eth_pcs_pma_ip_clocks.xdc:50]
Resolution: The get_ports call is being converted to a get_pins call as there is no direct connection to a top level port. This could be due to the insertion of IO Buffers between the top level terminal and cell pin. If the goal is to apply constraints that will migrate to top level ports it is required that IO Buffers manually be instanced.
INFO: [Vivado 12-1399] There are no top level ports directly connected to pins of cell 'network_inst_3/ten_gig_eth_pcs_pma_inst/inst', returning the pins matched for query '[get_ports {configuration_vector[110]}]' of cell 'network_inst_3/ten_gig_eth_pcs_pma_inst/inst'. [/root/NetFPGA-10G-VC709/projects/vc709_reference_nic/vc709_reference_nic.srcs/sources_1/ip/ten_gig_eth_pcs_pma_ip/synth/ten_gig_eth_pcs_pma_ip_clocks.xdc:51]
Resolution: The get_ports call is being converted to a get_pins call as there is no direct connection to a top level port. This could be due to the insertion of IO Buffers between the top level terminal and cell pin. If the goal is to apply constraints that will migrate to top level ports it is required that IO Buffers manually be instanced.
Finished Parsing XDC File [/root/NetFPGA-10G-VC709/projects/vc709_reference_nic/vc709_reference_nic.srcs/sources_1/ip/ten_gig_eth_pcs_pma_ip/synth/ten_gig_eth_pcs_pma_ip_clocks.xdc] for cell 'network_inst_3/ten_gig_eth_pcs_pma_inst/inst'
Parsing XDC File [/root/NetFPGA-10G-VC709/projects/vc709_reference_nic/vc709_reference_nic.srcs/sources_1/ip/ten_gig_eth_pcs_pma_ip/synth/ten_gig_eth_pcs_pma_ip_clocks.xdc] for cell 'network_inst_2/ten_gig_eth_pcs_pma_inst/inst'
INFO: [Vivado 12-1399] There are no top level ports directly connected to pins of cell 'network_inst_2/ten_gig_eth_pcs_pma_inst/inst', returning the pins matched for query '[get_ports clk156]' of cell 'network_inst_2/ten_gig_eth_pcs_pma_inst/inst'. [/root/NetFPGA-10G-VC709/projects/vc709_reference_nic/vc709_reference_nic.srcs/sources_1/ip/ten_gig_eth_pcs_pma_ip/synth/ten_gig_eth_pcs_pma_ip_clocks.xdc:47]
Resolution: The get_ports call is being converted to a get_pins call as there is no direct connection to a top level port. This could be due to the insertion of IO Buffers between the top level terminal and cell pin. If the goal is to apply constraints that will migrate to top level ports it is required that IO Buffers manually be instanced.
INFO: [Vivado 12-1399] There are no top level ports directly connected to pins of cell 'network_inst_2/ten_gig_eth_pcs_pma_inst/inst', returning the pins matched for query '[get_ports dclk]' of cell 'network_inst_2/ten_gig_eth_pcs_pma_inst/inst'. [/root/NetFPGA-10G-VC709/projects/vc709_reference_nic/vc709_reference_nic.srcs/sources_1/ip/ten_gig_eth_pcs_pma_ip/synth/ten_gig_eth_pcs_pma_ip_clocks.xdc:48]
Resolution: The get_ports call is being converted to a get_pins call as there is no direct connection to a top level port. This could be due to the insertion of IO Buffers between the top level terminal and cell pin. If the goal is to apply constraints that will migrate to top level ports it is required that IO Buffers manually be instanced.
INFO: [Vivado 12-1399] There are no top level ports directly connected to pins of cell 'network_inst_2/ten_gig_eth_pcs_pma_inst/inst', returning the pins matched for query '[get_ports {configuration_vector[110]}]' of cell 'network_inst_2/ten_gig_eth_pcs_pma_inst/inst'. [/root/NetFPGA-10G-VC709/projects/vc709_reference_nic/vc709_reference_nic.srcs/sources_1/ip/ten_gig_eth_pcs_pma_ip/synth/ten_gig_eth_pcs_pma_ip_clocks.xdc:50]
Resolution: The get_ports call is being converted to a get_pins call as there is no direct connection to a top level port. This could be due to the insertion of IO Buffers between the top level terminal and cell pin. If the goal is to apply constraints that will migrate to top level ports it is required that IO Buffers manually be instanced.
INFO: [Vivado 12-1399] There are no top level ports directly connected to pins of cell 'network_inst_2/ten_gig_eth_pcs_pma_inst/inst', returning the pins matched for query '[get_ports {configuration_vector[110]}]' of cell 'network_inst_2/ten_gig_eth_pcs_pma_inst/inst'. [/root/NetFPGA-10G-VC709/projects/vc709_reference_nic/vc709_reference_nic.srcs/sources_1/ip/ten_gig_eth_pcs_pma_ip/synth/ten_gig_eth_pcs_pma_ip_clocks.xdc:51]
Resolution: The get_ports call is being converted to a get_pins call as there is no direct connection to a top level port. This could be due to the insertion of IO Buffers between the top level terminal and cell pin. If the goal is to apply constraints that will migrate to top level ports it is required that IO Buffers manually be instanced.
Finished Parsing XDC File [/root/NetFPGA-10G-VC709/projects/vc709_reference_nic/vc709_reference_nic.srcs/sources_1/ip/ten_gig_eth_pcs_pma_ip/synth/ten_gig_eth_pcs_pma_ip_clocks.xdc] for cell 'network_inst_2/ten_gig_eth_pcs_pma_inst/inst'
Parsing XDC File [/root/NetFPGA-10G-VC709/projects/vc709_reference_nic/vc709_reference_nic.srcs/sources_1/ip/ten_gig_eth_pcs_pma_ip/synth/ten_gig_eth_pcs_pma_ip_clocks.xdc] for cell 'network_inst_1/ten_gig_eth_pcs_pma_inst/inst'
INFO: [Vivado 12-1399] There are no top level ports directly connected to pins of cell 'network_inst_1/ten_gig_eth_pcs_pma_inst/inst', returning the pins matched for query '[get_ports clk156]' of cell 'network_inst_1/ten_gig_eth_pcs_pma_inst/inst'. [/root/NetFPGA-10G-VC709/projects/vc709_reference_nic/vc709_reference_nic.srcs/sources_1/ip/ten_gig_eth_pcs_pma_ip/synth/ten_gig_eth_pcs_pma_ip_clocks.xdc:47]
Resolution: The get_ports call is being converted to a get_pins call as there is no direct connection to a top level port. This could be due to the insertion of IO Buffers between the top level terminal and cell pin. If the goal is to apply constraints that will migrate to top level ports it is required that IO Buffers manually be instanced.
INFO: [Vivado 12-1399] There are no top level ports directly connected to pins of cell 'network_inst_1/ten_gig_eth_pcs_pma_inst/inst', returning the pins matched for query '[get_ports dclk]' of cell 'network_inst_1/ten_gig_eth_pcs_pma_inst/inst'. [/root/NetFPGA-10G-VC709/projects/vc709_reference_nic/vc709_reference_nic.srcs/sources_1/ip/ten_gig_eth_pcs_pma_ip/synth/ten_gig_eth_pcs_pma_ip_clocks.xdc:48]
Resolution: The get_ports call is being converted to a get_pins call as there is no direct connection to a top level port. This could be due to the insertion of IO Buffers between the top level terminal and cell pin. If the goal is to apply constraints that will migrate to top level ports it is required that IO Buffers manually be instanced.
INFO: [Vivado 12-1399] There are no top level ports directly connected to pins of cell 'network_inst_1/ten_gig_eth_pcs_pma_inst/inst', returning the pins matched for query '[get_ports {configuration_vector[110]}]' of cell 'network_inst_1/ten_gig_eth_pcs_pma_inst/inst'. [/root/NetFPGA-10G-VC709/projects/vc709_reference_nic/vc709_reference_nic.srcs/sources_1/ip/ten_gig_eth_pcs_pma_ip/synth/ten_gig_eth_pcs_pma_ip_clocks.xdc:50]
Resolution: The get_ports call is being converted to a get_pins call as there is no direct connection to a top level port. This could be due to the insertion of IO Buffers between the top level terminal and cell pin. If the goal is to apply constraints that will migrate to top level ports it is required that IO Buffers manually be instanced.
INFO: [Vivado 12-1399] There are no top level ports directly connected to pins of cell 'network_inst_1/ten_gig_eth_pcs_pma_inst/inst', returning the pins matched for query '[get_ports {configuration_vector[110]}]' of cell 'network_inst_1/ten_gig_eth_pcs_pma_inst/inst'. [/root/NetFPGA-10G-VC709/projects/vc709_reference_nic/vc709_reference_nic.srcs/sources_1/ip/ten_gig_eth_pcs_pma_ip/synth/ten_gig_eth_pcs_pma_ip_clocks.xdc:51]
Resolution: The get_ports call is being converted to a get_pins call as there is no direct connection to a top level port. This could be due to the insertion of IO Buffers between the top level terminal and cell pin. If the goal is to apply constraints that will migrate to top level ports it is required that IO Buffers manually be instanced.
Finished Parsing XDC File [/root/NetFPGA-10G-VC709/projects/vc709_reference_nic/vc709_reference_nic.srcs/sources_1/ip/ten_gig_eth_pcs_pma_ip/synth/ten_gig_eth_pcs_pma_ip_clocks.xdc] for cell 'network_inst_1/ten_gig_eth_pcs_pma_inst/inst'
Parsing XDC File [/root/NetFPGA-10G-VC709/projects/vc709_reference_nic/vc709_reference_nic.srcs/sources_1/ip/ten_gig_eth_pcs_pma_ip/synth/ten_gig_eth_pcs_pma_ip_clocks.xdc] for cell 'network_inst_0/ten_gig_eth_pcs_pma_inst/inst'
INFO: [Vivado 12-1399] There are no top level ports directly connected to pins of cell 'network_inst_0/ten_gig_eth_pcs_pma_inst/inst', returning the pins matched for query '[get_ports clk156]' of cell 'network_inst_0/ten_gig_eth_pcs_pma_inst/inst'. [/root/NetFPGA-10G-VC709/projects/vc709_reference_nic/vc709_reference_nic.srcs/sources_1/ip/ten_gig_eth_pcs_pma_ip/synth/ten_gig_eth_pcs_pma_ip_clocks.xdc:47]
Resolution: The get_ports call is being converted to a get_pins call as there is no direct connection to a top level port. This could be due to the insertion of IO Buffers between the top level terminal and cell pin. If the goal is to apply constraints that will migrate to top level ports it is required that IO Buffers manually be instanced.
INFO: [Vivado 12-1399] There are no top level ports directly connected to pins of cell 'network_inst_0/ten_gig_eth_pcs_pma_inst/inst', returning the pins matched for query '[get_ports dclk]' of cell 'network_inst_0/ten_gig_eth_pcs_pma_inst/inst'. [/root/NetFPGA-10G-VC709/projects/vc709_reference_nic/vc709_reference_nic.srcs/sources_1/ip/ten_gig_eth_pcs_pma_ip/synth/ten_gig_eth_pcs_pma_ip_clocks.xdc:48]
Resolution: The get_ports call is being converted to a get_pins call as there is no direct connection to a top level port. This could be due to the insertion of IO Buffers between the top level terminal and cell pin. If the goal is to apply constraints that will migrate to top level ports it is required that IO Buffers manually be instanced.
INFO: [Vivado 12-1399] There are no top level ports directly connected to pins of cell 'network_inst_0/ten_gig_eth_pcs_pma_inst/inst', returning the pins matched for query '[get_ports {configuration_vector[110]}]' of cell 'network_inst_0/ten_gig_eth_pcs_pma_inst/inst'. [/root/NetFPGA-10G-VC709/projects/vc709_reference_nic/vc709_reference_nic.srcs/sources_1/ip/ten_gig_eth_pcs_pma_ip/synth/ten_gig_eth_pcs_pma_ip_clocks.xdc:50]
Resolution: The get_ports call is being converted to a get_pins call as there is no direct connection to a top level port. This could be due to the insertion of IO Buffers between the top level terminal and cell pin. If the goal is to apply constraints that will migrate to top level ports it is required that IO Buffers manually be instanced.
INFO: [Vivado 12-1399] There are no top level ports directly connected to pins of cell 'network_inst_0/ten_gig_eth_pcs_pma_inst/inst', returning the pins matched for query '[get_ports {configuration_vector[110]}]' of cell 'network_inst_0/ten_gig_eth_pcs_pma_inst/inst'. [/root/NetFPGA-10G-VC709/projects/vc709_reference_nic/vc709_reference_nic.srcs/sources_1/ip/ten_gig_eth_pcs_pma_ip/synth/ten_gig_eth_pcs_pma_ip_clocks.xdc:51]
Resolution: The get_ports call is being converted to a get_pins call as there is no direct connection to a top level port. This could be due to the insertion of IO Buffers between the top level terminal and cell pin. If the goal is to apply constraints that will migrate to top level ports it is required that IO Buffers manually be instanced.
Finished Parsing XDC File [/root/NetFPGA-10G-VC709/projects/vc709_reference_nic/vc709_reference_nic.srcs/sources_1/ip/ten_gig_eth_pcs_pma_ip/synth/ten_gig_eth_pcs_pma_ip_clocks.xdc] for cell 'network_inst_0/ten_gig_eth_pcs_pma_inst/inst'
Parsing XDC File [/root/NetFPGA-10G-VC709/projects/vc709_reference_nic/vc709_reference_nic.srcs/sources_1/ip/axi_dma_0/axi_dma_0_clocks.xdc] for cell 'axi_dma_0/U0'
Finished Parsing XDC File [/root/NetFPGA-10G-VC709/projects/vc709_reference_nic/vc709_reference_nic.srcs/sources_1/ip/axi_dma_0/axi_dma_0_clocks.xdc] for cell 'axi_dma_0/U0'
Parsing XDC File [/root/NetFPGA-10G-VC709/projects/vc709_reference_nic/vc709_reference_nic.runs/impl_1/.Xil/Vivado-10089-nf-test104.cl.cam.ac.uk/dcp/vc709_reference_nic.xdc]
Finished Parsing XDC File [/root/NetFPGA-10G-VC709/projects/vc709_reference_nic/vc709_reference_nic.runs/impl_1/.Xil/Vivado-10089-nf-test104.cl.cam.ac.uk/dcp/vc709_reference_nic.xdc]
INFO: [Project 1-111] Unisim Transformation Summary:
  A total of 719 instances were transformed.
  IOBUF => IOBUF (OBUFT, IBUF): 2 instances
  LUT6_2 => LUT6_2 (LUT6, LUT5): 47 instances
  RAM16X1D => RAM16X1D (RAMD32, RAMD32, GND): 552 instances
  RAM32M => RAM32M (RAMD32, RAMD32, RAMD32, RAMD32, RAMD32, RAMD32, RAMS32, RAMS32): 116 instances
  RAM64M => RAM64M (RAMD64E, RAMD64E, RAMD64E, RAMD64E): 2 instances

Phase 0 | Netlist Checksum: 87e4c638
link_design: Time (s): cpu = 00:01:37 ; elapsed = 00:01:31 . Memory (MB): peak = 1346.117 ; gain = 1194.453
Command: opt_design
INFO: [Common 17-347] Attempting to get a license for feature 'Implementation' and/or device 'xc7vx690t'
INFO: [Common 17-349] Got license for feature 'Implementation' and/or device 'xc7vx690t'
Running DRC as a precondition to command opt_design

Starting DRC Task
INFO: [Drc 23-27] Running DRC with 4 threads
INFO: [Project 1-461] DRC finished with 0 Errors
INFO: [Project 1-462] Please refer to the DRC report (report_drc) for more information.

Time (s): cpu = 00:00:02 ; elapsed = 00:00:02 . Memory (MB): peak = 1347.121 ; gain = 1.004

Starting Logic Optimization Task
Logic Optimization | Checksum: 7b36e0c7
INFO: [Timing 38-35] Done setting XDC timing constraints.

Phase 1 Retarget

INFO: [Opt 31-138] Pushed 3 inverter(s).
INFO: [Opt 31-49] Retargeted 0 cell(s).
Phase 1 Retarget | Checksum: 0b02e413

Time (s): cpu = 00:00:12 ; elapsed = 00:00:10 . Memory (MB): peak = 1354.246 ; gain = 7.125

Phase 2 Constant Propagation
INFO: [Opt 31-138] Pushed 38 inverter(s).
INFO: [Opt 31-10] Eliminated 8734 cells.
Phase 2 Constant Propagation | Checksum: fd08b28c

Time (s): cpu = 00:00:38 ; elapsed = 00:00:36 . Memory (MB): peak = 1354.246 ; gain = 7.125

Phase 3 Sweep
INFO: [Opt 31-12] Eliminated 21355 unconnected nets.
INFO: [Opt 31-11] Eliminated 15045 unconnected cells.
Phase 3 Sweep | Checksum: 2cac1e95

Time (s): cpu = 00:00:49 ; elapsed = 00:00:48 . Memory (MB): peak = 1354.246 ; gain = 7.125
INFO: [Timing 38-35] Done setting XDC timing constraints.
Ending Logic Optimization Task | Checksum: 2cac1e95

Time (s): cpu = 00:00:56 ; elapsed = 00:00:54 . Memory (MB): peak = 1354.246 ; gain = 7.125

Starting Power Optimization Task
INFO: [Pwropt 34-9] Applying IDT optimizations ...
INFO: [Pwropt 34-10] Applying ODC optimizations ...

INFO: [Pwropt 34-162] WRITE_MODE attribute of 17 BRAM(s) out of a total of 40 was updated to NO_CHANGE to save power.
    Run report_power_opt to get a complete listing of the BRAMs updated.
INFO: [Pwropt 34-201] Structural ODC has moved 0 WE to EN ports
Number of BRAM Ports augmented: 1 newly gated: 9 Total Ports: 80
Number of Flops added for Enable Generation: 3

Ending Power Optimization Task | Checksum: ad107c40

Time (s): cpu = 00:00:34 ; elapsed = 00:00:19 . Memory (MB): peak = 1548.180 ; gain = 193.934
61 Infos, 3 Warnings, 2 Critical Warnings and 0 Errors encountered.
opt_design completed successfully
opt_design: Time (s): cpu = 00:01:33 ; elapsed = 00:01:15 . Memory (MB): peak = 1548.180 ; gain = 202.062
Writing XDEF routing.
Writing XDEF routing logical nets.
Writing XDEF routing special nets.
Write XDEF Complete: Time (s): cpu = 00:00:01 ; elapsed = 00:00:01 . Memory (MB): peak = 1548.180 ; gain = 0.000
write_checkpoint: Time (s): cpu = 00:00:09 ; elapsed = 00:00:09 . Memory (MB): peak = 1548.180 ; gain = 0.000
Command: place_design
INFO: [Common 17-347] Attempting to get a license for feature 'Implementation' and/or device 'xc7vx690t'
INFO: [Common 17-349] Got license for feature 'Implementation' and/or device 'xc7vx690t'
Running DRC as a precondition to command place_design
INFO: [Drc 23-27] Running DRC with 4 threads
INFO: [Vivado_Tcl 4-198] DRC finished with 0 Errors
INFO: [Vivado_Tcl 4-199] Please refer to the DRC report (report_drc) for more information.

Starting Placer Task
INFO: [Place 30-611] Multithreading enabled for place_design using a maximum of 4 CPUs

Phase 1 Placer Initialization
Netlist sorting complete. Time (s): cpu = 00:00:00.13 ; elapsed = 00:00:00.13 . Memory (MB): peak = 1548.180 ; gain = 0.000

Phase 1.1 Mandatory Logic Optimization
INFO: [Opt 31-138] Pushed 0 inverter(s).
Phase 1.1 Mandatory Logic Optimization | Checksum: 434875ff

Time (s): cpu = 00:00:03 ; elapsed = 00:00:03 . Memory (MB): peak = 1548.180 ; gain = 0.000

Phase 1.2 Build Super Logic Region (SLR) Database
Phase 1.2 Build Super Logic Region (SLR) Database | Checksum: 434875ff

Time (s): cpu = 00:00:03 ; elapsed = 00:00:03 . Memory (MB): peak = 1548.180 ; gain = 0.000

Phase 1.3 Add Constraints
Phase 1.3 Add Constraints | Checksum: 434875ff

Time (s): cpu = 00:00:03 ; elapsed = 00:00:03 . Memory (MB): peak = 1548.180 ; gain = 0.000

Phase 1.4 Routing Based Site Exclusion
Phase 1.4 Routing Based Site Exclusion | Checksum: 434875ff

Time (s): cpu = 00:00:03 ; elapsed = 00:00:03 . Memory (MB): peak = 1548.180 ; gain = 0.000

Phase 1.5 Build Macros
Phase 1.5 Build Macros | Checksum: fe40fbe2

Time (s): cpu = 00:00:12 ; elapsed = 00:00:13 . Memory (MB): peak = 1548.180 ; gain = 0.000

Phase 1.6 Implementation Feasibility check
Phase 1.6 Implementation Feasibility check | Checksum: fe40fbe2

Time (s): cpu = 00:00:18 ; elapsed = 00:00:18 . Memory (MB): peak = 1548.180 ; gain = 0.000

Phase 1.7 Pre-Place Cells
Phase 1.7 Pre-Place Cells | Checksum: fe40fbe2

Time (s): cpu = 00:00:18 ; elapsed = 00:00:18 . Memory (MB): peak = 1548.180 ; gain = 0.000

Phase 1.8 IO Placement/ Clock Placement/ Build Placer Device
Phase 1.8 IO Placement/ Clock Placement/ Build Placer Device | Checksum: fe40fbe2

Time (s): cpu = 00:00:35 ; elapsed = 00:00:38 . Memory (MB): peak = 1572.191 ; gain = 24.012

Phase 1.9 Build Placer Netlist Model

Phase 1.9.1 Place Init Design

Phase 1.9.1.1 Build Clock Data
Phase 1.9.1.1 Build Clock Data | Checksum: 12addf988

Time (s): cpu = 00:01:16 ; elapsed = 00:00:55 . Memory (MB): peak = 1572.191 ; gain = 24.012
Phase 1.9.1 Place Init Design | Checksum: 12e002e03

Time (s): cpu = 00:01:19 ; elapsed = 00:00:58 . Memory (MB): peak = 1572.191 ; gain = 24.012
Phase 1.9 Build Placer Netlist Model | Checksum: 12e002e03

Time (s): cpu = 00:01:19 ; elapsed = 00:00:58 . Memory (MB): peak = 1572.191 ; gain = 24.012

Phase 1.10 Constrain Clocks/Macros

Phase 1.10.1 Constrain Global/Regional Clocks
Phase 1.10.1 Constrain Global/Regional Clocks | Checksum: ae759c9a

Time (s): cpu = 00:01:20 ; elapsed = 00:00:59 . Memory (MB): peak = 1572.191 ; gain = 24.012
Phase 1.10 Constrain Clocks/Macros | Checksum: ae759c9a

Time (s): cpu = 00:01:20 ; elapsed = 00:00:59 . Memory (MB): peak = 1572.191 ; gain = 24.012
Phase 1 Placer Initialization | Checksum: ae759c9a

Time (s): cpu = 00:01:20 ; elapsed = 00:00:59 . Memory (MB): peak = 1572.191 ; gain = 24.012

Phase 2 Global Placement
Phase 2 Global Placement | Checksum: 1636ac087

Time (s): cpu = 00:04:47 ; elapsed = 00:02:39 . Memory (MB): peak = 1572.191 ; gain = 24.012

Phase 3 Detail Placement

Phase 3.1 Commit Multi Column Macros
Phase 3.1 Commit Multi Column Macros | Checksum: 1636ac087

Time (s): cpu = 00:04:48 ; elapsed = 00:02:40 . Memory (MB): peak = 1572.191 ; gain = 24.012

Phase 3.2 Commit Most Macros & LUTRAMs
Phase 3.2 Commit Most Macros & LUTRAMs | Checksum: ff37b00e

Time (s): cpu = 00:05:10 ; elapsed = 00:02:51 . Memory (MB): peak = 1572.191 ; gain = 24.012

Phase 3.3 Area Swap Optimization
Phase 3.3 Area Swap Optimization | Checksum: d633b014

Time (s): cpu = 00:05:11 ; elapsed = 00:02:51 . Memory (MB): peak = 1572.191 ; gain = 24.012

Phase 3.4 Timing Path Optimizer
Phase 3.4 Timing Path Optimizer | Checksum: d55aa189

Time (s): cpu = 00:05:37 ; elapsed = 00:03:02 . Memory (MB): peak = 1572.191 ; gain = 24.012

Phase 3.5 Commit Small Macros & Core Logic
Phase 3.5 Commit Small Macros & Core Logic | Checksum: 15d07cff6

Time (s): cpu = 00:06:25 ; elapsed = 00:03:34 . Memory (MB): peak = 1639.926 ; gain = 91.746

Phase 3.6 Re-assign LUT pins
Phase 3.6 Re-assign LUT pins | Checksum: 15d07cff6

Time (s): cpu = 00:06:29 ; elapsed = 00:03:37 . Memory (MB): peak = 1640.926 ; gain = 92.746
Phase 3 Detail Placement | Checksum: 15d07cff6

Time (s): cpu = 00:06:29 ; elapsed = 00:03:38 . Memory (MB): peak = 1640.926 ; gain = 92.746

Phase 4 Post Placement Optimization and Clean-Up

Phase 4.1 Post Placement Timing Optimization
Phase 4.1 Post Placement Timing Optimization | Checksum: 46cc98c4

Time (s): cpu = 00:07:20 ; elapsed = 00:04:15 . Memory (MB): peak = 1662.949 ; gain = 114.770

Phase 4.2 Post Placement Cleanup
Phase 4.2 Post Placement Cleanup | Checksum: 46cc98c4

Time (s): cpu = 00:07:20 ; elapsed = 00:04:15 . Memory (MB): peak = 1662.949 ; gain = 114.770

Phase 4.3 Placer Reporting
INFO: [Place 30-100] Post Placement Timing Summary | WNS=0.126  | TNS=0.000  |

Phase 4.3 Placer Reporting | Checksum: 91c4a252

Time (s): cpu = 00:07:24 ; elapsed = 00:04:17 . Memory (MB): peak = 1662.949 ; gain = 114.770

Phase 4.4 Final Placement Cleanup
Phase 4.4 Final Placement Cleanup | Checksum: ffffffffffb9d690

Time (s): cpu = 00:07:24 ; elapsed = 00:04:17 . Memory (MB): peak = 1662.949 ; gain = 114.770
Phase 4 Post Placement Optimization and Clean-Up | Checksum: ffffffffffb9d690

Time (s): cpu = 00:07:24 ; elapsed = 00:04:17 . Memory (MB): peak = 1662.949 ; gain = 114.770
Ending Placer Task | Checksum: fffffffffe71b841

Time (s): cpu = 00:07:24 ; elapsed = 00:04:18 . Memory (MB): peak = 1662.949 ; gain = 114.770
69 Infos, 3 Warnings, 2 Critical Warnings and 0 Errors encountered.
place_design completed successfully
place_design: Time (s): cpu = 00:07:26 ; elapsed = 00:04:19 . Memory (MB): peak = 1662.949 ; gain = 114.770
INFO: [Timing 38-163] DEBUG : Generate clock report | CPU: 1.87 secs 

report_utilization: Time (s): cpu = 00:00:00.69 ; elapsed = 00:00:00.76 . Memory (MB): peak = 1662.949 ; gain = 0.000
INFO: [Designutils 20-134] DEBUG : Generate Control Sets report | CPU: 0.15 secs 
Writing XDEF routing.
Writing XDEF routing logical nets.
Writing XDEF routing special nets.
Write XDEF Complete: Time (s): cpu = 00:00:08 ; elapsed = 00:00:08 . Memory (MB): peak = 1662.949 ; gain = 0.000
write_checkpoint: Time (s): cpu = 00:00:16 ; elapsed = 00:00:16 . Memory (MB): peak = 1662.949 ; gain = 0.000
Command: route_design
INFO: [Common 17-347] Attempting to get a license for feature 'Implementation' and/or device 'xc7vx690t'
INFO: [Common 17-349] Got license for feature 'Implementation' and/or device 'xc7vx690t'
Running DRC as a precondition to command route_design
INFO: [Drc 23-27] Running DRC with 4 threads
INFO: [Vivado_Tcl 4-198] DRC finished with 0 Errors
INFO: [Vivado_Tcl 4-199] Please refer to the DRC report (report_drc) for more information.


Starting Routing Task
INFO: [Route 35-254] Multithreading enabled for route_design using a maximum of 4 CPUs

Starting Route Task

Phase 1 Build RT Design

Phase 1.1 Build Netlist & NodeGraph (MT)
Netlist sorting complete. Time (s): cpu = 00:00:00.28 ; elapsed = 00:00:00.14 . Memory (MB): peak = 1694.078 ; gain = 30.879
Phase 1.1 Build Netlist & NodeGraph (MT) | Checksum: 0

Time (s): cpu = 00:05:33 ; elapsed = 00:04:21 . Memory (MB): peak = 1957.703 ; gain = 294.504
Phase 1 Build RT Design | Checksum: 0

Time (s): cpu = 00:05:34 ; elapsed = 00:04:22 . Memory (MB): peak = 1957.703 ; gain = 294.504

Phase 2 Router Initialization

Phase 2.1 Create Timer
Phase 2.1 Create Timer | Checksum: 582a31c1

Time (s): cpu = 00:05:35 ; elapsed = 00:04:23 . Memory (MB): peak = 1957.703 ; gain = 294.504
INFO: [Route 35-23] Estimated Global Vertical Wire Utilization = 0.60 %
INFO: [Route 35-22] Estimated Global Horizontal Wire Utilization = 1.07 %

Phase 2.2 Restore Routing
INFO: [Route 35-249] Design has 40904 routable nets.
INFO: [Route 35-252] Restored 0 nets from the routeDb.
INFO: [Route 35-251] Found 0 nets with FIXED_ROUTE property.
Phase 2.2 Restore Routing | Checksum: 582a31c1

Time (s): cpu = 00:05:35 ; elapsed = 00:04:23 . Memory (MB): peak = 1968.609 ; gain = 305.410

Phase 2.3 Special Net Routing
 Number of Wires with overlaps = 0
Phase 2.3 Special Net Routing | Checksum: d9812a7f

Time (s): cpu = 00:05:41 ; elapsed = 00:04:29 . Memory (MB): peak = 2017.078 ; gain = 353.879

Phase 2.4 Local Clock Net Routing
Phase 2.4 Local Clock Net Routing | Checksum: 34802229

Time (s): cpu = 00:05:41 ; elapsed = 00:04:29 . Memory (MB): peak = 2017.078 ; gain = 353.879

Phase 2.5 Update Timing

Phase 2.5.1 Update timing with NCN CRPR

Phase 2.5.1.1 Hold Budgeting
Phase 2.5.1.1 Hold Budgeting | Checksum: 34802229

Time (s): cpu = 00:06:20 ; elapsed = 00:04:45 . Memory (MB): peak = 2017.078 ; gain = 353.879
Phase 2.5.1 Update timing with NCN CRPR | Checksum: 34802229

Time (s): cpu = 00:06:20 ; elapsed = 00:04:45 . Memory (MB): peak = 2017.078 ; gain = 353.879
Phase 2.5 Update Timing | Checksum: 34802229

Time (s): cpu = 00:06:20 ; elapsed = 00:04:45 . Memory (MB): peak = 2017.078 ; gain = 353.879
INFO: [Route 35-57] Estimated Timing Summary | WNS=0.152  | TNS=0      | WHS=-0.405 | THS=-1.77e+03|


Phase 2.6 Budgeting
Phase 2.6 Budgeting | Checksum: 34802229

Time (s): cpu = 00:06:57 ; elapsed = 00:05:09 . Memory (MB): peak = 2017.078 ; gain = 353.879
Phase 2 Router Initialization | Checksum: c2b14905

Time (s): cpu = 00:06:58 ; elapsed = 00:05:09 . Memory (MB): peak = 2017.078 ; gain = 353.879

Phase 3 Initial Routing
Phase 3 Initial Routing | Checksum: e5f3f831

Time (s): cpu = 00:07:13 ; elapsed = 00:05:14 . Memory (MB): peak = 2017.078 ; gain = 353.879

Phase 4 Rip-up And Reroute

Phase 4.1 Global Iteration 0

Phase 4.1.1 Remove Overlaps
 Number of Wires with overlaps = 4395
 Number of Wires with overlaps = 333
 Number of Wires with overlaps = 58
 Number of Wires with overlaps = 2
 Number of Wires with overlaps = 0
Phase 4.1.1 Remove Overlaps | Checksum: b76c5e21

Time (s): cpu = 00:08:09 ; elapsed = 00:05:32 . Memory (MB): peak = 2017.078 ; gain = 353.879

Phase 4.1.2 Update Timing
Phase 4.1.2 Update Timing | Checksum: b76c5e21

Time (s): cpu = 00:08:21 ; elapsed = 00:05:36 . Memory (MB): peak = 2017.078 ; gain = 353.879
INFO: [Route 35-57] Estimated Timing Summary | WNS=0.138  | TNS=0      | WHS=N/A    | THS=N/A    |


Phase 4.1.3 collectNewHoldAndFix
Phase 4.1.3 collectNewHoldAndFix | Checksum: 8f1a20bb

Time (s): cpu = 00:08:22 ; elapsed = 00:05:36 . Memory (MB): peak = 2017.078 ; gain = 353.879
Phase 4.1 Global Iteration 0 | Checksum: 8f1a20bb

Time (s): cpu = 00:08:22 ; elapsed = 00:05:37 . Memory (MB): peak = 2017.078 ; gain = 353.879
Phase 4 Rip-up And Reroute | Checksum: 8f1a20bb

Time (s): cpu = 00:08:22 ; elapsed = 00:05:37 . Memory (MB): peak = 2017.078 ; gain = 353.879

Phase 5 Delay CleanUp

Phase 5.1 Update Timing
Phase 5.1 Update Timing | Checksum: 8f1a20bb

Time (s): cpu = 00:08:33 ; elapsed = 00:05:41 . Memory (MB): peak = 2017.078 ; gain = 353.879
INFO: [Route 35-57] Estimated Timing Summary | WNS=0.138  | TNS=0      | WHS=N/A    | THS=N/A    |

Phase 5 Delay CleanUp | Checksum: 8f1a20bb

Time (s): cpu = 00:08:33 ; elapsed = 00:05:41 . Memory (MB): peak = 2017.078 ; gain = 353.879

Phase 6 Post Hold Fix

Phase 6.1 Full Hold Analysis

Phase 6.1.1 Update Timing
Phase 6.1.1 Update Timing | Checksum: 8f1a20bb

Time (s): cpu = 00:08:51 ; elapsed = 00:05:48 . Memory (MB): peak = 2017.078 ; gain = 353.879
INFO: [Route 35-57] Estimated Timing Summary | WNS=0.138  | TNS=0      | WHS=0.014  | THS=0      |

Phase 6.1 Full Hold Analysis | Checksum: 8f1a20bb

Time (s): cpu = 00:08:51 ; elapsed = 00:05:48 . Memory (MB): peak = 2017.078 ; gain = 353.879
Phase 6 Post Hold Fix | Checksum: 8f1a20bb

Time (s): cpu = 00:08:51 ; elapsed = 00:05:48 . Memory (MB): peak = 2017.078 ; gain = 353.879

Router Utilization Summary
  Global Vertical Wire Utilization    = 0.899034 %
  Global Horizontal Wire Utilization  = 1.19307 %
  Total Num Pips                      = 552066
  Number of Failed Nets               = 0
  Number of Unrouted Nets             = 0
  Number of Partially Routed Nets     = 0
  Number of Node Overlaps             = 0


Phase 7 Verifying routed nets

 Verification completed successfully
Phase 7 Verifying routed nets | Checksum: 8f1a20bb

Time (s): cpu = 00:08:52 ; elapsed = 00:05:48 . Memory (MB): peak = 2017.078 ; gain = 353.879

Phase 8 Depositing Routes
Phase 8 Depositing Routes | Checksum: 8367a947

Time (s): cpu = 00:08:56 ; elapsed = 00:05:53 . Memory (MB): peak = 2017.078 ; gain = 353.879

Phase 9 Post Router Timing
INFO: [Route 35-20] Post Routing Timing Summary | WNS=0.139  | TNS=0.000  | WHS=0.015  | THS=0.000  |

INFO: [Route 35-61] The design met the timing requirement.
Phase 9 Post Router Timing | Checksum: 0

Time (s): cpu = 00:09:35 ; elapsed = 00:06:08 . Memory (MB): peak = 2017.078 ; gain = 353.879
INFO: [Route 35-16] Router Completed Successfully
Ending Route Task | Checksum: 0

Time (s): cpu = 00:09:35 ; elapsed = 00:06:08 . Memory (MB): peak = 2017.078 ; gain = 353.879

Routing Is Done.
INFO: [Project 1-120] WebTalk data collection is mandatory for users of free Webpack licenses. To see the specific WebTalk data collected for your design, open the usage_statistics_webtalk.html or usage_statistics_webtalk.xml file in the implementation directory.
sh: -c: line 0: syntax error near unexpected token `('
sh: -c: line 0: `/opt/Xilinx/Vivado/2013.2/bin/unwrapped/lnx64.o/xilcurl --cacert /opt/Xilinx/Vivado/2013.2/data/webtalk/cacert.pem --max-time 3 -F file_loc=@"/root/NetFPGA-10G-VC709/projects/vc709_reference_nic/vc709_reference_nic.runs/impl_1/usage_statistics_webtalk.xml" -F domain=(none) -F regid=210693691_174149303_0_034 -F access=l0gic https://xapps2.xilinx.com/cgi-bin/webtalk.cgi >& ./.Xil/Vivado-10089-nf-test104.cl.cam.ac.uk/wt/transmit.log'
INFO: [Common 17-185] WebTalk report has not been sent to Xilinx. Please check your network and proxy settings.

Time (s): cpu = 00:09:36 ; elapsed = 00:06:09 . Memory (MB): peak = 2017.078 ; gain = 353.879
91 Infos, 3 Warnings, 2 Critical Warnings and 0 Errors encountered.
route_design completed successfully
route_design: Time (s): cpu = 00:09:40 ; elapsed = 00:06:13 . Memory (MB): peak = 2017.078 ; gain = 354.129
INFO: [Drc 23-27] Running DRC with 4 threads
INFO: [Coretcl 2-168] The results of DRC are in file /root/NetFPGA-10G-VC709/projects/vc709_reference_nic/vc709_reference_nic.runs/impl_1/vc709_reference_nic_drc_routed.rpt.
report_drc: Time (s): cpu = 00:00:16 ; elapsed = 00:00:06 . Memory (MB): peak = 2017.078 ; gain = 0.000
WARNING: [Power 33-164]  Setting default frequency of 0.00 MHz on the clock clk_divide[1] . Please specify frequency of this clock for accurate power estimate.
WARNING: [Power 33-164]  Setting default frequency of 0.00 MHz on the clock vc709_pcie_x8_gen3_i/inst/pipe_rxoutclk_out[0] . Please specify frequency of this clock for accurate power estimate.
Running Vector-less Activity Propagation...

Finished Running Vector-less Activity Propagation
report_power: Time (s): cpu = 00:01:42 ; elapsed = 00:00:58 . Memory (MB): peak = 2017.078 ; gain = 0.000
INFO: [Timing 38-91] UpdateTimingParams: Speed grade: -2, Delay Type: min_max, Constraints type: SDC.
INFO: [Timing 38-191] Multithreading enabled for timing update using a maximum of 4 CPUs
report_timing_summary: Time (s): cpu = 00:00:18 ; elapsed = 00:00:14 . Memory (MB): peak = 2017.078 ; gain = 0.000
Writing XDEF routing.
Writing XDEF routing logical nets.
Writing XDEF routing special nets.
Write XDEF Complete: Time (s): cpu = 00:00:11 ; elapsed = 00:00:11 . Memory (MB): peak = 2017.078 ; gain = 0.000
write_checkpoint: Time (s): cpu = 00:00:19 ; elapsed = 00:00:19 . Memory (MB): peak = 2017.078 ; gain = 0.000
INFO: [Common 17-206] Exiting Vivado at Mon Sep 30 15:54:10 2013...

*** Running vivado
    with args -log vc709_reference_nic.rdi -applog -m64 -messageDb vivado.pb -mode batch -source vc709_reference_nic.tcl -notrace


****** Vivado v2013.2 (64-bit)
  **** Build 272601 by xbuild on Sat Jun 15 11:11:11 MDT 2013
    ** Copyright 1986-1999, 2001-2013 Xilinx, Inc. All Rights Reserved.

INFO: [Common 17-78] Attempting to get a license: Implementation
INFO: [Common 17-81] Feature available: Implementation
INFO: [Common 17-78] Attempting to get a license: Synthesis
INFO: [Common 17-81] Feature available: Synthesis
INFO: [Device 21-36] Loading parts and site information from /opt/Xilinx/Vivado/2013.2/data/parts/arch.xml
Parsing RTL primitives file [/opt/Xilinx/Vivado/2013.2/data/parts/xilinx/rtl/prims/rtl_prims.xml]
Finished parsing RTL primitives file [/opt/Xilinx/Vivado/2013.2/data/parts/xilinx/rtl/prims/rtl_prims.xml]
INFO: [Common 17-362] Using Tcl App repository from '/opt/Xilinx/Vivado/2013.2/data/XilinxTclStore'.
INFO: [Common 17-364] Updating Tcl app persistent manifest '/root/.Xilinx/Vivado/tclapp/manifest.tcl'
source vc709_reference_nic.tcl -notrace
Command: read_checkpoint vc709_reference_nic_routed.dcp
INFO: [Netlist 29-17] Analyzing 678 Unisim elements for replacement
INFO: [Netlist 29-28] Unisim Transformation completed in 0 CPU seconds
INFO: [Project 1-479] Netlist was created with Vivado 2013.2
Loading clock regions from /opt/Xilinx/Vivado/2013.2/data/parts/xilinx/virtex7/virtex7/xc7vx690t/ClockRegion.xml
Loading clock buffers from /opt/Xilinx/Vivado/2013.2/data/parts/xilinx/virtex7/virtex7/xc7vx690t/ClockBuffers.xml
Loading clock placement rules from /opt/Xilinx/Vivado/2013.2/data/parts/xilinx/virtex7/ClockPlacerRules.xml
Loading package pin functions from /opt/Xilinx/Vivado/2013.2/data/parts/xilinx/virtex7/PinFunctions.xml...
Loading package from /opt/Xilinx/Vivado/2013.2/data/parts/xilinx/virtex7/virtex7/xc7vx690t/ffg1761/Package.xml
Loading io standards from /opt/Xilinx/Vivado/2013.2/data/./parts/xilinx/virtex7/IOStandards.xml
Loading device configuration modes from /opt/Xilinx/Vivado/2013.2/data/parts/xilinx/virtex7/ConfigModes.xml
INFO: [Opt 31-138] Pushed 1 inverter(s).
INFO: [Common 17-78] Attempting to get a license: Internal_bitstream
WARNING: [Common 17-301] Failed to get a license: Internal_bitstream
Parsing XDC File [/root/NetFPGA-10G-VC709/projects/vc709_reference_nic/vc709_reference_nic.runs/impl_1/.Xil/Vivado-11367-nf-test104.cl.cam.ac.uk/dcp/vc709_reference_nic_early.xdc]
Finished Parsing XDC File [/root/NetFPGA-10G-VC709/projects/vc709_reference_nic/vc709_reference_nic.runs/impl_1/.Xil/Vivado-11367-nf-test104.cl.cam.ac.uk/dcp/vc709_reference_nic_early.xdc]
Parsing XDC File [/root/NetFPGA-10G-VC709/projects/vc709_reference_nic/vc709_reference_nic.runs/impl_1/.Xil/Vivado-11367-nf-test104.cl.cam.ac.uk/dcp/vc709_reference_nic.xdc]
INFO: [Timing 38-35] Done setting XDC timing constraints. [/root/NetFPGA-10G-VC709/projects/vc709_reference_nic/vc709_reference_nic.srcs/sources_1/ip/ten_gig_eth_pcs_pma_ip/synth/ten_gig_eth_pcs_pma_ip.xdc:55]
INFO: [Vivado 12-2286] Implicit search of objects for pattern 'clk_divide_reg[1]_i_1/O' matched to 'pin' objects. [/root/NetFPGA-10G-VC709/projects/vc709_reference_nic/vc709_reference_nic.srcs/constrs_1/imports/Downloads/vc709_10g_interface/vc709_10g_interface.srcs/constrs_1/new/vc709_10g_interface.xdc:22]
Resolution: To avoid ambiguous patterns, provide proper objects using get commands e.g. [get_nets xyz].
INFO: [Timing 38-2] Deriving generated clocks [/root/NetFPGA-10G-VC709/projects/vc709_reference_nic/vc709_reference_nic.srcs/constrs_1/imports/Downloads/vc709_10g_interface/vc709_10g_interface.srcs/constrs_1/new/vc709_10g_interface.xdc:174]
WARNING: [Vivado 12-584] No ports matched 'emcclk'. [/root/NetFPGA-10G-VC709/projects/vc709_reference_nic/vc709_reference_nic.srcs/constrs_1/imports/Downloads/vc709_10g_interface/vc709_10g_interface.srcs/constrs_1/new/vc709_10g_interface.xdc:193]
CRITICAL WARNING: [Common 17-55] 'set_property' expects at least one object. [/root/NetFPGA-10G-VC709/projects/vc709_reference_nic/vc709_reference_nic.srcs/constrs_1/imports/Downloads/vc709_10g_interface/vc709_10g_interface.srcs/constrs_1/new/vc709_10g_interface.xdc:193]
WARNING: [Vivado 12-584] No ports matched 'emcclk'. [/root/NetFPGA-10G-VC709/projects/vc709_reference_nic/vc709_reference_nic.srcs/constrs_1/imports/Downloads/vc709_10g_interface/vc709_10g_interface.srcs/constrs_1/new/vc709_10g_interface.xdc:194]
CRITICAL WARNING: [Common 17-55] 'set_property' expects at least one object. [/root/NetFPGA-10G-VC709/projects/vc709_reference_nic/vc709_reference_nic.srcs/constrs_1/imports/Downloads/vc709_10g_interface/vc709_10g_interface.srcs/constrs_1/new/vc709_10g_interface.xdc:194]
Finished Parsing XDC File [/root/NetFPGA-10G-VC709/projects/vc709_reference_nic/vc709_reference_nic.runs/impl_1/.Xil/Vivado-11367-nf-test104.cl.cam.ac.uk/dcp/vc709_reference_nic.xdc]
Reading XDEF placement.
Reading XDEF routing.
Read XDEF File: Time (s): cpu = 00:00:05 ; elapsed = 00:00:05 . Memory (MB): peak = 1314.492 ; gain = 38.562
Restoring placement.
Restored 8894 out of 8894 XDEF sites from archive | CPU: 13.690000 secs | Memory: 80.128319 MB |
INFO: [Project 1-111] Unisim Transformation Summary:
  A total of 606 instances were transformed.
  IOBUF => IOBUF (OBUFT, IBUF): 2 instances
  LUT6_2 => LUT6_2 (LUT6, LUT5): 45 instances
  RAM16X1D => RAM16X1D (RAMD32, RAMD32, GND): 552 instances
  RAM32M => RAM32M (RAMD32, RAMD32, RAMD32, RAMD32, RAMD32, RAMD32, RAMS32, RAMS32): 4 instances
  RAM64M => RAM64M (RAMD64E, RAMD64E, RAMD64E, RAMD64E): 2 instances
  WIRE => IBUF: 1 instances

Phase 0 | Netlist Checksum: 0e2a1ab2
read_checkpoint: Time (s): cpu = 00:01:18 ; elapsed = 00:01:16 . Memory (MB): peak = 1347.312 ; gain = 1197.617
INFO: [Common 17-347] Attempting to get a license for feature 'Implementation' and/or device 'xc7vx690t'
INFO: [Common 17-349] Got license for feature 'Implementation' and/or device 'xc7vx690t'
Running DRC as a precondition to command write_bitstream
INFO: [Drc 23-27] Running DRC with 4 threads
INFO: [Vivado 12-3199] DRC finished with 0 Errors, 20 Warnings, 8 Advisories
INFO: [Vivado 12-3200] Please refer to the DRC report (report_drc) for more information.
Loading data files...
Loading site data...
Loading route data...
Processing options...
Creating bitmap...
Creating bitstream...
Bitstream compression saved 178117888 bits.
Writing bitstream ./vc709_reference_nic.bit...
INFO: [Vivado 12-1842] Bitgen Completed Successfully.
write_bitstream: Time (s): cpu = 00:03:47 ; elapsed = 00:03:38 . Memory (MB): peak = 1824.016 ; gain = 476.703
INFO: [Common 17-206] Exiting Vivado at Mon Sep 30 15:59:16 2013...
