Copyright 1986-1999, 2001-2013 Xilinx, Inc. All Rights Reserved.
-----------------------------------------------------------------------------------------------------------------------------------
| Tool Version : Vivado v.2013.2 (lin64) Build 272601 Sat Jun 15 11:11:11 MDT 2013
| Date         : Mon Sep 30 15:46:03 2013
| Host         : nf-test104.cl.cam.ac.uk running 64-bit Fedora release 16 (Verne)
| Command      : report_utilization -file vc709_reference_nic_utilization_placed.rpt -pb vc709_reference_nic_utilization_placed.pb
| Design       : vc709_reference_nic
| Device       : xc7vx690t
| Design State : Fully Placed
-----------------------------------------------------------------------------------------------------------------------------------

Utilization Design Information

Table of Contents
-----------------
1. Slice Logic
2. Slice Logic Distribution
3. Memory
4. DSP
5. IO and GTX Specific
6. Clocking
7. Specific Feature
8. Primitives
9. Black Boxes
10. Instantiated Netlists

1. Slice Logic
--------------

+----------------------------+-------+-------+-----------+-------+
|          Site Type         |  Used | Loced | Available | Util% |
+----------------------------+-------+-------+-----------+-------+
| Slice LUTs                 | 22277 |     0 |    432368 |  5.15 |
|   LUT as Logic             | 21403 |     0 |    432368 |  4.95 |
|   LUT as Memory            |   874 |     0 |    173992 |  0.50 |
|     LUT as Distributed RAM |   576 |     0 |           |       |
|     LUT as Shift Register  |   298 |     0 |           |       |
| Slice Registers            | 23319 |     0 |    864736 |  2.69 |
|   Register as Flip Flop    | 23319 |     0 |    864736 |  2.69 |
|   Register as Latch        |     0 |     0 |    864736 |  0.00 |
| F7 Muxes                   |   270 |     0 |    216184 |  0.12 |
| F8 Muxes                   |     8 |     0 |    108092 |  0.01 |
+----------------------------+-------+-------+-----------+-------+


2. Slice Logic Distribution
---------------------------

+-------------------------------------------------------------+------------+-------+-----------+-------+
|                          Site Type                          |    Used    | Loced | Available | Util% |
+-------------------------------------------------------------+------------+-------+-----------+-------+
| Slice                                                       |       8747 |     0 |    108092 |  8.09 |
| LUT as Logic                                                |      21403 |     0 |    432368 |  4.95 |
|   using O5 output only                                      |          0 |       |           |       |
|   using O6 output only                                      |      17765 |       |           |       |
|   using O5 and O6                                           |       3638 |       |           |       |
| LUT as Memory                                               |        874 |     0 |    173992 |  0.50 |
|   LUT as Distributed RAM                                    |        576 |     0 |           |       |
|     using O5 output only                                    |          0 |       |           |       |
|     using O6 output only                                    |          8 |       |           |       |
|     using O5 and O6                                         |        568 |       |           |       |
|   LUT as Shift Register                                     |        298 |     0 |           |       |
|     using O5 output only                                    |         23 |       |           |       |
|     using O6 output only                                    |         40 |       |           |       |
|     using O5 and O6                                         |        235 |       |           |       |
| LUT Flip Flop Pairs                                         |      27313 |     0 |    432368 |  6.31 |
|   fully used LUT-FF pairs                                   |      12849 |       |           |       |
|   LUT-FF pairs with unused LUT                              |       5059 |       |           |       |
|   LUT-FF pairs with unused Flip Flop                        |       9405 |       |           |       |
| Unique Control Sets                                         |        675 |       |           |       |
| Minimum number of registers lost to control set restriction | 2161(Lost) |       |           |       |
+-------------------------------------------------------------+------------+-------+-----------+-------+


3. Memory
---------

+-------------------+------+-------+-----------+-------+
|     Site Type     | Used | Loced | Available | Util% |
+-------------------+------+-------+-----------+-------+
| Block RAM Tile    |   30 |     0 |      1470 |  2.04 |
|   RAMB36/FIFO*    |   20 |     2 |      1470 |  1.36 |
|     RAMB36E1 only |   20 |       |           |       |
|   RAMB18          |   20 |     8 |      2940 |  0.68 |
|     RAMB18E1 only |   20 |       |           |       |
+-------------------+------+-------+-----------+-------+
* Note: Each Block RAM Tile only has one FIFO logic available and therefore can accommodate only one FIFO36E1 or one FIFO18E1. However, if a FIFO18E1 occupies a Block RAM Tile, that tile can still accommodate a RAMB18E1


4. DSP
------

+-----------+------+-------+-----------+-------+
| Site Type | Used | Loced | Available | Util% |
+-----------+------+-------+-----------+-------+
| DSPs      |    0 |     0 |      3600 |  0.00 |
+-----------+------+-------+-----------+-------+


5. IO and GTX Specific
----------------------

+-----------------------------+------+-------+-----------+-------+
|          Site Type          | Used | Loced | Available | Util% |
+-----------------------------+------+-------+-----------+-------+
| Bonded IOB                  |   20 |    20 |       850 |  2.35 |
|   IOB Master Pads           |   13 |       |           |       |
|   IOB Slave Pads            |    6 |       |           |       |
| Bonded IPADs                |   28 |    28 |       110 | 25.45 |
| Bonded OPADs                |   24 |    24 |        72 | 33.33 |
| GTHE2_CHANNEL               |   12 |    12 |        36 | 33.33 |
| GTHE2_COMMON                |    3 |     0 |         9 | 33.33 |
| IBUFGDS                     |    0 |     0 |       816 |  0.00 |
| IDELAYCTRL                  |    0 |     0 |        20 |  0.00 |
| IN_FIFO                     |    0 |     0 |        80 |  0.00 |
| OUT_FIFO                    |    0 |     0 |        80 |  0.00 |
| PHASER_REF                  |    0 |     0 |        20 |  0.00 |
| PHY_CONTROL                 |    0 |     0 |        20 |  0.00 |
| PHASER_OUT/PHASER_OUT_PHY   |    0 |     0 |        80 |  0.00 |
| PHASER_IN/PHASER_IN_PHY     |    0 |     0 |        80 |  0.00 |
| IDELAYE2/IDELAYE2_FINEDELAY |    0 |     0 |      1000 |  0.00 |
| ODELAYE2/ODELAYE2_FINEDELAY |    0 |     0 |      1000 |  0.00 |
| IBUFDS_GTE2                 |    2 |     2 |        40 |  5.00 |
| ILOGIC                      |    0 |     0 |       850 |  0.00 |
| OLOGIC                      |    0 |     0 |       850 |  0.00 |
+-----------------------------+------+-------+-----------+-------+


6. Clocking
-----------

+------------+------+-------+-----------+-------+
|  Site Type | Used | Loced | Available | Util% |
+------------+------+-------+-----------+-------+
| BUFGCTRL   |   10 |     0 |        32 | 31.25 |
| BUFIO      |    0 |     0 |        80 |  0.00 |
| MMCME2_ADV |    2 |     0 |        20 | 10.00 |
| PLLE2_ADV  |    0 |     0 |        20 |  0.00 |
| BUFMRCE    |    0 |     0 |        40 |  0.00 |
| BUFHCE     |    5 |     0 |       240 |  2.08 |
| BUFR       |    0 |     0 |        80 |  0.00 |
+------------+------+-------+-----------+-------+


7. Specific Feature
-------------------

+-------------+------+-------+-----------+-------+
|  Site Type  | Used | Loced | Available | Util% |
+-------------+------+-------+-----------+-------+
| BSCANE2     |    0 |     0 |         4 |  0.00 |
| CAPTUREE2   |    0 |     0 |         1 |  0.00 |
| DNA_PORT    |    0 |     0 |         1 |  0.00 |
| EFUSE_USR   |    0 |     0 |         1 |  0.00 |
| FRAME_ECCE2 |    0 |     0 |         1 |  0.00 |
| ICAPE2      |    0 |     0 |         2 |  0.00 |
| PCIE_3_0    |    1 |     1 |         3 | 33.33 |
| STARTUPE2   |    0 |     0 |         1 |  0.00 |
| XADC        |    0 |     0 |         1 |  0.00 |
+-------------+------+-------+-----------+-------+


8. Primitives
-------------

+---------------+-------+
|    Ref Name   |  Used |
+---------------+-------+
| FDRE          | 19635 |
| LUT6          |  9351 |
| LUT3          |  4550 |
| LUT5          |  4168 |
| LUT4          |  3182 |
| LUT2          |  2944 |
| FDCE          |  2163 |
| FDSE          |  1204 |
| RAMD32        |  1128 |
| LUT1          |   846 |
| SRL16E        |   533 |
| CARRY4        |   489 |
| FDPE          |   317 |
| MUXF7         |   270 |
| OBUF          |    38 |
| IBUF          |    32 |
| RAMB36E1      |    20 |
| RAMB18E1      |    20 |
| GTHE2_CHANNEL |    12 |
| BUFG          |     9 |
| RAMS32        |     8 |
| RAMD64E       |     8 |
| MUXF8         |     8 |
| BUFH          |     4 |
| GTHE2_COMMON  |     3 |
| OBUFT         |     2 |
| MMCME2_ADV    |     2 |
| IBUFDS_GTE2   |     2 |
| PCIE_3_0      |     1 |
| IBUFDS        |     1 |
| BUFHCE        |     1 |
| BUFGCTRL      |     1 |
+---------------+-------+


9. Black Boxes
--------------

+----------+------+
| Ref Name | Used |
+----------+------+


10. Instantiated Netlists
-------------------------

+----------+------+
| Ref Name | Used |
+----------+------+


